<?xml version="1.0" encoding="UTF-8"?>
<!-- Generated by org.testng.reporters.JUnitReportReporter -->
<testsuite skipped="0" hostname="DESKTOP-C1T3GP3" name="com.testcases.HomePageTest" tests="1" failures="0" timestamp="24 Nov 2019 14:56:36 GMT" time="25.281" errors="0">
  <testcase name="performTest" time="25.281" classname="com.testcases.HomePageTest"/>
</testsuite> <!-- com.testcases.HomePageTest -->
