<?xml version="1.0" encoding="UTF-8"?>
<!-- Generated by org.testng.reporters.JUnitReportReporter -->
<testsuite skipped="0" hostname="DESKTOP-C1T3GP3" name="com.testcases.TestCase" tests="1" failures="0" timestamp="24 Nov 2019 13:00:36 GMT" time="27.507" errors="0">
  <testcase name="test" time="27.507" classname="com.testcases.TestCase"/>
</testsuite> <!-- com.testcases.TestCase -->
